<?xml version="1.0" encoding="UTF-8"?>
<testng-results ignored="0" total="1" passed="1" failed="0" skipped="0">
  <reporter-output>
    <line>
      <![CDATA[SS]]>
    </line>
  </reporter-output>
  <suite started-at="2023-05-12T22:14:58 IST" name="Default suite" finished-at="2023-05-12T22:14:58 IST" duration-ms="97">
    <groups>
    </groups>
    <test started-at="2023-05-12T22:14:58 IST" name="Default test" finished-at="2023-05-12T22:14:58 IST" duration-ms="97">
      <class name="dd.TC1">
        <test-method signature="m1()[pri:0, instance:dd.TC1@169e6180]" started-at="2023-05-12T22:14:58 IST" name="m1" finished-at="2023-05-12T22:14:58 IST" duration-ms="17" status="PASS">
          <reporter-output>
            <line>
              <![CDATA[SS]]>
            </line>
          </reporter-output>
        </test-method> <!-- m1 -->
      </class> <!-- dd.TC1 -->
    </test> <!-- Default test -->
  </suite> <!-- Default suite -->
</testng-results>
